<?xml version="1.0" encoding="UTF-8"?>
<!-- Generated by org.testng.reporters.JUnitReportReporter -->
<testsuite skipped="0" hostname="DESKTOP-74ULC4S" name="com.api.rest.api.oauth2.TestGetFolderList" tests="1" failures="0" timestamp="03 Agu 2022 13:46:52 GMT" time="1.365" errors="0">
  <testcase name="testGetFolderList" time="1.365" classname="com.api.rest.api.oauth2.TestGetFolderList"/>
</testsuite> <!-- com.api.rest.api.oauth2.TestGetFolderList -->
